#
# There is insufficient memory for the Java Runtime Environment to continue.
# Native memory allocation (malloc) failed to allocate 758096 bytes for Chunk::new
# Possible reasons:
#   The system is out of physical RAM or swap space
#   In 32 bit mode, the process size limit was hit
# Possible solutions:
#   Reduce memory load on the system
#   Increase physical memory or swap space
#   Check if swap backing store is full
#   Use 64 bit Java on a 64 bit OS
#   Decrease Java heap size (-Xmx/-Xms)
#   Decrease number of Java threads
#   Decrease Java thread stack sizes (-Xss)
#   Set larger code cache with -XX:ReservedCodeCacheSize=
# This output file may be truncated or incomplete.
#
#  Out of Memory Error (allocation.cpp:390), pid=13112, tid=0x000000000000006c
#
# JRE version: Java(TM) SE Runtime Environment (8.0_121-b13) (build 1.8.0_121-b13)
# Java VM: Java HotSpot(TM) 64-Bit Server VM (25.121-b13 mixed mode windows-amd64 compressed oops)
# Failed to write core dump. Minidumps are not enabled by default on client versions of Windows
#

---------------  T H R E A D  ---------------

Current thread (0x0000000017341000):  JavaThread "C2 CompilerThread0" daemon [_thread_in_native, id=108, stack(0x0000000018aa0000,0x0000000018ba0000)]

Stack: [0x0000000018aa0000,0x0000000018ba0000]
[error occurred during error reporting (printing stack bounds), id 0xc0000005]

Native frames: (J=compiled Java code, j=interpreted, Vv=VM code, C=native code)


Current CompileTask:
C2:   9035 5186       4       groovy.lang.MetaClassImpl::addMetaMethodToIndex (65 bytes)


---------------  P R O C E S S  ---------------

Java Threads: ( => current thread )
  0x000000001cd76000 JavaThread "File lock request listener" [_thread_in_native, id=10616, stack(0x000000001ecd0000,0x000000001edd0000)]
  0x000000001a79e800 JavaThread "pool-1-thread-1" [_thread_blocked, id=6476, stack(0x0000000019ba0000,0x0000000019ca0000)]
  0x0000000018dd0800 JavaThread "Service Thread" daemon [_thread_blocked, id=10848, stack(0x00000000191a0000,0x00000000192a0000)]
  0x0000000017346800 JavaThread "C1 CompilerThread2" daemon [_thread_blocked, id=836, stack(0x0000000018ca0000,0x0000000018da0000)]
  0x0000000017343800 JavaThread "C2 CompilerThread1" daemon [_thread_in_native, id=5372, stack(0x0000000018ba0000,0x0000000018ca0000)]
=>0x0000000017341000 JavaThread "C2 CompilerThread0" daemon [_thread_in_native, id=108, stack(0x0000000018aa0000,0x0000000018ba0000)]
  0x000000001733f800 JavaThread "Attach Listener" daemon [_thread_blocked, id=11760, stack(0x00000000189a0000,0x0000000018aa0000)]
  0x000000001733e000 JavaThread "Signal Dispatcher" daemon [_thread_blocked, id=10528, stack(0x00000000188a0000,0x00000000189a0000)]
  0x0000000004d4b800 JavaThread "Finalizer" daemon [_thread_blocked, id=7944, stack(0x00000000185b0000,0x00000000186b0000)]
  0x0000000017309000 JavaThread "Reference Handler" daemon [_thread_blocked, id=8200, stack(0x00000000184b0000,0x00000000185b0000)]
  0x0000000004c4e000 JavaThread "main" [_thread_in_Java, id=7036, stack(0x0000000004a70000,0x0000000004b70000)]

Other Threads:
  0x0000000017307800 VMThread [stack: 0x00000000183b0000,0x00000000184b0000] [id=13140]
  0x0000000018e0c000 WatcherThread [stack: 0x00000000192a0000,0x00000000193a0000] [id=216]

VM state:not at safepoint (normal execution)

VM Mutex/Monitor currently owned by a thread: None

Heap:
 PSYoungGen      total 194560K, used 177488K [0x00000000eb300000, 0x00000000f8700000, 0x0000000100000000)
  eden space 182272K, 97% used [0x00000000eb300000,0x00000000f6054328,0x00000000f6500000)
  from space 12288K, 0% used [0x00000000f7180000,0x00000000f7180000,0x00000000f7d80000)
  to   space 12800K, 0% used [0x00000000f6500000,0x00000000f6500000,0x00000000f7180000)
 ParOldGen       total 47616K, used 18931K [0x00000000c1800000, 0x00000000c4680000, 0x00000000eb300000)
  object space 47616K, 39% used [0x00000000c1800000,0x00000000c2a7cff0,0x00000000c4680000)
 Metaspace       used 44040K, capacity 45032K, committed 45184K, reserved 1087488K
  class space    used 6003K, capacity 6268K, committed 6272K, reserved 1048576K

Card table byte_map: [0x0000000014110000,0x0000000014310000] byte_map_base: 0x0000000013b04000

Marking Bits: (ParMarkBitMap*) 0x0000000068e6b6d0
 Begin Bits: [0x0000000014860000, 0x0000000015800000)
 End Bits:   [0x0000000015800000, 0x00000000167a0000)

Polling page: 0x0000000002e00000

CodeCache: size=245760Kb used=16584Kb max_used=17263Kb free=229175Kb
 bounds [0x0000000004d50000, 0x0000000005e40000, 0x0000000013d50000]
 total_blobs=5547 nmethods=4851 adapters=607
 compilation: enabled

Compilation events (10 events):
Event: 8.949 Thread 0x0000000017346800 5259       3       sun.reflect.ByteVectorImpl::put (27 bytes)
Event: 8.949 Thread 0x0000000017346800 nmethod 5259 0x0000000004faa590 code [0x0000000004faa700, 0x0000000004faa928]
Event: 8.974 Thread 0x0000000017346800 5262       3       com.google.common.cache.LocalCache$Segment::drainRecencyQueue (45 bytes)
Event: 8.974 Thread 0x0000000017346800 nmethod 5262 0x00000000050e7210 code [0x00000000050e73c0, 0x00000000050e79c8]
Event: 8.978 Thread 0x0000000017346800 5263       1       org.gradle.api.internal.project.taskfactory.AnnotationProcessingTaskFactory$PropertyInfo::access$300 (5 bytes)
Event: 8.978 Thread 0x0000000017346800 nmethod 5263 0x000000000541e650 code [0x000000000541e7a0, 0x000000000541e890]
Event: 8.979 Thread 0x0000000017346800 5264       3       com.google.common.base.Joiner::join (11 bytes)
Event: 8.980 Thread 0x0000000017346800 nmethod 5264 0x0000000004f82e10 code [0x0000000004f82fe0, 0x0000000004f838f8]
Event: 8.980 Thread 0x0000000017346800 5265       3       com.google.common.base.Joiner::join (16 bytes)
Event: 8.980 Thread 0x0000000017346800 nmethod 5265 0x0000000005585990 code [0x0000000005585b60, 0x00000000055862c8]

GC Heap History (10 events):
Event: 3.098 GC heap before
{Heap before GC invocations=8 (full 1):
 PSYoungGen      total 73728K, used 3584K [0x00000000eb300000, 0x00000000f4300000, 0x0000000100000000)
  eden space 65024K, 0% used [0x00000000eb300000,0x00000000eb300000,0x00000000ef280000)
  from space 8704K, 41% used [0x00000000ef280000,0x00000000ef600010,0x00000000efb00000)
  to   space 8704K, 0% used [0x00000000f3a80000,0x00000000f3a80000,0x00000000f4300000)
 ParOldGen       total 44032K, used 11023K [0x00000000c1800000, 0x00000000c4300000, 0x00000000eb300000)
  object space 44032K, 25% used [0x00000000c1800000,0x00000000c22c3dc8,0x00000000c4300000)
 Metaspace       used 20915K, capacity 21160K, committed 21296K, reserved 1067008K
  class space    used 2869K, capacity 2932K, committed 2944K, reserved 1048576K
Event: 3.181 GC heap after
Heap after GC invocations=8 (full 1):
 PSYoungGen      total 73728K, used 0K [0x00000000eb300000, 0x00000000f4300000, 0x0000000100000000)
  eden space 65024K, 0% used [0x00000000eb300000,0x00000000eb300000,0x00000000ef280000)
  from space 8704K, 0% used [0x00000000ef280000,0x00000000ef280000,0x00000000efb00000)
  to   space 8704K, 0% used [0x00000000f3a80000,0x00000000f3a80000,0x00000000f4300000)
 ParOldGen       total 33792K, used 10288K [0x00000000c1800000, 0x00000000c3900000, 0x00000000eb300000)
  object space 33792K, 30% used [0x00000000c1800000,0x00000000c220c348,0x00000000c3900000)
 Metaspace       used 20915K, capacity 21160K, committed 21296K, reserved 1067008K
  class space    used 2869K, capacity 2932K, committed 2944K, reserved 1048576K
}
Event: 4.185 GC heap before
{Heap before GC invocations=9 (full 1):
 PSYoungGen      total 73728K, used 65024K [0x00000000eb300000, 0x00000000f4300000, 0x0000000100000000)
  eden space 65024K, 100% used [0x00000000eb300000,0x00000000ef280000,0x00000000ef280000)
  from space 8704K, 0% used [0x00000000ef280000,0x00000000ef280000,0x00000000efb00000)
  to   space 8704K, 0% used [0x00000000f3a80000,0x00000000f3a80000,0x00000000f4300000)
 ParOldGen       total 33792K, used 10288K [0x00000000c1800000, 0x00000000c3900000, 0x00000000eb300000)
  object space 33792K, 30% used [0x00000000c1800000,0x00000000c220c348,0x00000000c3900000)
 Metaspace       used 26599K, capacity 27056K, committed 27520K, reserved 1073152K
  class space    used 3719K, capacity 3854K, committed 3968K, reserved 1048576K
Event: 4.191 GC heap after
Heap after GC invocations=9 (full 1):
 PSYoungGen      total 128000K, used 6392K [0x00000000eb300000, 0x00000000f4100000, 0x0000000100000000)
  eden space 121344K, 0% used [0x00000000eb300000,0x00000000eb300000,0x00000000f2980000)
  from space 6656K, 96% used [0x00000000f3a80000,0x00000000f40be358,0x00000000f4100000)
  to   space 8704K, 0% used [0x00000000f3000000,0x00000000f3000000,0x00000000f3880000)
 ParOldGen       total 33792K, used 10360K [0x00000000c1800000, 0x00000000c3900000, 0x00000000eb300000)
  object space 33792K, 30% used [0x00000000c1800000,0x00000000c221e358,0x00000000c3900000)
 Metaspace       used 26599K, capacity 27056K, committed 27520K, reserved 1073152K
  class space    used 3719K, capacity 3854K, committed 3968K, reserved 1048576K
}
Event: 5.970 GC heap before
{Heap before GC invocations=10 (full 1):
 PSYoungGen      total 128000K, used 127736K [0x00000000eb300000, 0x00000000f4100000, 0x0000000100000000)
  eden space 121344K, 100% used [0x00000000eb300000,0x00000000f2980000,0x00000000f2980000)
  from space 6656K, 96% used [0x00000000f3a80000,0x00000000f40be358,0x00000000f4100000)
  to   space 8704K, 0% used [0x00000000f3000000,0x00000000f3000000,0x00000000f3880000)
 ParOldGen       total 33792K, used 10360K [0x00000000c1800000, 0x00000000c3900000, 0x00000000eb300000)
  object space 33792K, 30% used [0x00000000c1800000,0x00000000c221e358,0x00000000c3900000)
 Metaspace       used 33982K, capacity 34564K, committed 35072K, reserved 1079296K
  class space    used 4638K, capacity 4771K, committed 4864K, reserved 1048576K
Event: 5.999 GC heap after
Heap after GC invocations=10 (full 1):
 PSYoungGen      total 136704K, used 8698K [0x00000000eb300000, 0x00000000f7d80000, 0x0000000100000000)
  eden space 128000K, 0% used [0x00000000eb300000,0x00000000eb300000,0x00000000f3000000)
  from space 8704K, 99% used [0x00000000f3000000,0x00000000f387e858,0x00000000f3880000)
  to   space 12288K, 0% used [0x00000000f7180000,0x00000000f7180000,0x00000000f7d80000)
 ParOldGen       total 33792K, used 16447K [0x00000000c1800000, 0x00000000c3900000, 0x00000000eb300000)
  object space 33792K, 48% used [0x00000000c1800000,0x00000000c280fe70,0x00000000c3900000)
 Metaspace       used 33982K, capacity 34564K, committed 35072K, reserved 1079296K
  class space    used 4638K, capacity 4771K, committed 4864K, reserved 1048576K
}
Event: 6.269 GC heap before
{Heap before GC invocations=11 (full 1):
 PSYoungGen      total 136704K, used 31573K [0x00000000eb300000, 0x00000000f7d80000, 0x0000000100000000)
  eden space 128000K, 17% used [0x00000000eb300000,0x00000000ec956de8,0x00000000f3000000)
  from space 8704K, 99% used [0x00000000f3000000,0x00000000f387e858,0x00000000f3880000)
  to   space 12288K, 0% used [0x00000000f7180000,0x00000000f7180000,0x00000000f7d80000)
 ParOldGen       total 33792K, used 16447K [0x00000000c1800000, 0x00000000c3900000, 0x00000000eb300000)
  object space 33792K, 48% used [0x00000000c1800000,0x00000000c280fe70,0x00000000c3900000)
 Metaspace       used 34544K, capacity 35162K, committed 35456K, reserved 1079296K
  class space    used 4728K, capacity 4928K, committed 4992K, reserved 1048576K
Event: 6.300 GC heap after
Heap after GC invocations=11 (full 1):
 PSYoungGen      total 194560K, used 9100K [0x00000000eb300000, 0x00000000f8700000, 0x0000000100000000)
  eden space 182272K, 0% used [0x00000000eb300000,0x00000000eb300000,0x00000000f6500000)
  from space 12288K, 74% used [0x00000000f7180000,0x00000000f7a63160,0x00000000f7d80000)
  to   space 12800K, 0% used [0x00000000f6500000,0x00000000f6500000,0x00000000f7180000)
 ParOldGen       total 33792K, used 18163K [0x00000000c1800000, 0x00000000c3900000, 0x00000000eb300000)
  object space 33792K, 53% used [0x00000000c1800000,0x00000000c29bce80,0x00000000c3900000)
 Metaspace       used 34544K, capacity 35162K, committed 35456K, reserved 1079296K
  class space    used 4728K, capacity 4928K, committed 4992K, reserved 1048576K
}
Event: 6.300 GC heap before
{Heap before GC invocations=12 (full 2):
 PSYoungGen      total 194560K, used 9100K [0x00000000eb300000, 0x00000000f8700000, 0x0000000100000000)
  eden space 182272K, 0% used [0x00000000eb300000,0x00000000eb300000,0x00000000f6500000)
  from space 12288K, 74% used [0x00000000f7180000,0x00000000f7a63160,0x00000000f7d80000)
  to   space 12800K, 0% used [0x00000000f6500000,0x00000000f6500000,0x00000000f7180000)
 ParOldGen       total 33792K, used 18163K [0x00000000c1800000, 0x00000000c3900000, 0x00000000eb300000)
  object space 33792K, 53% used [0x00000000c1800000,0x00000000c29bce80,0x00000000c3900000)
 Metaspace       used 34544K, capacity 35162K, committed 35456K, reserved 1079296K
  class space    used 4728K, capacity 4928K, committed 4992K, reserved 1048576K
Event: 6.419 GC heap after
Heap after GC invocations=12 (full 2):
 PSYoungGen      total 194560K, used 0K [0x00000000eb300000, 0x00000000f8700000, 0x0000000100000000)
  eden space 182272K, 0% used [0x00000000eb300000,0x00000000eb300000,0x00000000f6500000)
  from space 12288K, 0% used [0x00000000f7180000,0x00000000f7180000,0x00000000f7d80000)
  to   space 12800K, 0% used [0x00000000f6500000,0x00000000f6500000,0x00000000f7180000)
 ParOldGen       total 47616K, used 18931K [0x00000000c1800000, 0x00000000c4680000, 0x00000000eb300000)
  object space 47616K, 39% used [0x00000000c1800000,0x00000000c2a7cff0,0x00000000c4680000)
 Metaspace       used 34544K, capacity 35162K, committed 35456K, reserved 1079296K
  class space    used 4728K, capacity 4928K, committed 4992K, reserved 1048576K
}

Deoptimization events (10 events):
Event: 7.856 Thread 0x0000000004c4e000 Uncommon trap: reason=range_check action=make_not_entrant pc=0x0000000005ab3514 method=java.lang.String.charAt(I)C @ 27
Event: 8.297 Thread 0x0000000004c4e000 Uncommon trap: reason=unstable_if action=reinterpret pc=0x00000000050d1544 method=java.lang.AbstractStringBuilder.append(Ljava/lang/String;)Ljava/lang/AbstractStringBuilder; @ 1
Event: 8.383 Thread 0x0000000004c4e000 Uncommon trap: reason=unstable_if action=reinterpret pc=0x00000000054d52c4 method=org.apache.xerces.impl.XMLEntityScanner.skipSpaces()Z @ 60
Event: 8.383 Thread 0x0000000004c4e000 Uncommon trap: reason=class_check action=maybe_recompile pc=0x000000000541097c method=java.util.Hashtable.get(Ljava/lang/Object;)Ljava/lang/Object; @ 6
Event: 8.398 Thread 0x0000000004c4e000 Uncommon trap: reason=unstable_if action=reinterpret pc=0x0000000005525cfc method=org.apache.xerces.util.SymbolTable.addSymbol([CII)Ljava/lang/String; @ 56
Event: 8.399 Thread 0x0000000004c4e000 Uncommon trap: reason=unstable_if action=reinterpret pc=0x0000000005541734 method=org.apache.xerces.impl.XMLEntityScanner.peekChar()I @ 14
Event: 8.448 Thread 0x0000000004c4e000 Uncommon trap: reason=class_check action=maybe_recompile pc=0x000000000541097c method=java.util.Hashtable.get(Ljava/lang/Object;)Ljava/lang/Object; @ 6
Event: 8.513 Thread 0x0000000004c4e000 Uncommon trap: reason=class_check action=maybe_recompile pc=0x000000000541097c method=java.util.Hashtable.get(Ljava/lang/Object;)Ljava/lang/Object; @ 6
Event: 8.544 Thread 0x0000000004c4e000 Uncommon trap: reason=class_check action=maybe_recompile pc=0x000000000541097c method=java.util.Hashtable.get(Ljava/lang/Object;)Ljava/lang/Object; @ 6
Event: 8.662 Thread 0x0000000004c4e000 Uncommon trap: reason=unstable_if action=reinterpret pc=0x0000000005d1a8a4 method=java.util.HashMap$HashIterator.<init>(Ljava/util/HashMap;)V @ 45

Internal exceptions (10 events):
Event: 8.919 Thread 0x0000000004c4e000 Exception <a 'java/lang/ClassNotFoundException': com/android/build/gradle/tasks/MergeSourceSetFoldersCustomizer> (0x00000000f566abe0) thrown at [C:\re\workspace\8-2-build-windows-amd64-cygwin\jdk8u121\8372\hotspot\src\share\vm\classfile\systemDictionary.c
Event: 8.921 Thread 0x0000000004c4e000 Exception <a 'java/lang/ClassNotFoundException': com/android/build/gradle/tasks/MergeSourceSetFolders_DecoratedCustomizer> (0x00000000f569a310) thrown at [C:\re\workspace\8-2-build-windows-amd64-cygwin\jdk8u121\8372\hotspot\src\share\vm\classfile\systemDi
Event: 8.932 Thread 0x0000000004c4e000 Exception <a 'java/lang/ClassNotFoundException': com/android/build/gradle/tasks/GenerateBuildConfig_DecoratedBeanInfo> (0x00000000f579f4f0) thrown at [C:\re\workspace\8-2-build-windows-amd64-cygwin\jdk8u121\8372\hotspot\src\share\vm\classfile\systemDictio
Event: 8.933 Thread 0x0000000004c4e000 Exception <a 'java/lang/ClassNotFoundException': com/android/build/gradle/tasks/GenerateBuildConfigBeanInfo> (0x00000000f57b3120) thrown at [C:\re\workspace\8-2-build-windows-amd64-cygwin\jdk8u121\8372\hotspot\src\share\vm\classfile\systemDictionary.cpp, 
Event: 8.933 Thread 0x0000000004c4e000 Exception <a 'java/lang/ClassNotFoundException': com/android/build/gradle/tasks/GenerateBuildConfigCustomizer> (0x00000000f57c75f8) thrown at [C:\re\workspace\8-2-build-windows-amd64-cygwin\jdk8u121\8372\hotspot\src\share\vm\classfile\systemDictionary.cpp
Event: 8.935 Thread 0x0000000004c4e000 Exception <a 'java/lang/ClassNotFoundException': com/android/build/gradle/tasks/GenerateBuildConfig_DecoratedCustomizer> (0x00000000f580c930) thrown at [C:\re\workspace\8-2-build-windows-amd64-cygwin\jdk8u121\8372\hotspot\src\share\vm\classfile\systemDict
Event: 8.983 Thread 0x0000000004c4e000 Exception <a 'java/lang/ClassNotFoundException': com/android/build/gradle/tasks/ProcessAndroidResources_DecoratedBeanInfo> (0x00000000f5a0a690) thrown at [C:\re\workspace\8-2-build-windows-amd64-cygwin\jdk8u121\8372\hotspot\src\share\vm\classfile\systemDi
Event: 8.984 Thread 0x0000000004c4e000 Exception <a 'java/lang/ClassNotFoundException': com/android/build/gradle/tasks/ProcessAndroidResourcesBeanInfo> (0x00000000f5a1f1d0) thrown at [C:\re\workspace\8-2-build-windows-amd64-cygwin\jdk8u121\8372\hotspot\src\share\vm\classfile\systemDictionary.c
Event: 8.984 Thread 0x0000000004c4e000 Exception <a 'java/lang/ClassNotFoundException': com/android/build/gradle/tasks/ProcessAndroidResourcesCustomizer> (0x00000000f5a34230) thrown at [C:\re\workspace\8-2-build-windows-amd64-cygwin\jdk8u121\8372\hotspot\src\share\vm\classfile\systemDictionary
Event: 8.987 Thread 0x0000000004c4e000 Exception <a 'java/lang/ClassNotFoundException': com/android/build/gradle/tasks/ProcessAndroidResources_DecoratedCustomizer> (0x00000000f5a9b788) thrown at [C:\re\workspace\8-2-build-windows-amd64-cygwin\jdk8u121\8372\hotspot\src\share\vm\classfile\system

Events (10 events):
Event: 8.984 loading class com/android/build/gradle/tasks/ProcessAndroidResourcesCustomizer
Event: 8.984 loading class com/android/build/gradle/tasks/ProcessAndroidResourcesCustomizer done
Event: 8.984 loading class com/android/build/gradle/tasks/ProcessAndroidResourcesCustomizer
Event: 8.984 loading class com/android/build/gradle/tasks/ProcessAndroidResourcesCustomizer done
Event: 8.986 loading class com/android/build/gradle/tasks/ProcessAndroidResources_DecoratedCustomizer
Event: 8.986 loading class com/android/build/gradle/tasks/ProcessAndroidResources_DecoratedCustomizer done
Event: 8.986 loading class com/android/build/gradle/tasks/ProcessAndroidResources_DecoratedCustomizer
Event: 8.986 loading class com/android/build/gradle/tasks/ProcessAndroidResources_DecoratedCustomizer done
Event: 8.986 loading class com/android/build/gradle/tasks/ProcessAndroidResources_DecoratedCustomizer
Event: 8.987 loading class com/android/build/gradle/tasks/ProcessAndroidResources_DecoratedCustomizer done


Dynamic libraries:
0x00007ff71abb0000 - 0x00007ff71abe7000 	C:\Program Files\Java\jdk1.8.0_121\bin\java.exe
0x00007ffac9e70000 - 0x00007ffaca050000 	C:\WINDOWS\SYSTEM32\ntdll.dll
0x00007ffac97d0000 - 0x00007ffac987e000 	C:\WINDOWS\System32\KERNEL32.DLL
0x00007ffac7030000 - 0x00007ffac7296000 	C:\WINDOWS\System32\KERNELBASE.dll
0x00007ffac9010000 - 0x00007ffac90b1000 	C:\WINDOWS\System32\ADVAPI32.dll
0x00007ffac9880000 - 0x00007ffac991d000 	C:\WINDOWS\System32\msvcrt.dll
0x00007ffac9de0000 - 0x00007ffac9e3b000 	C:\WINDOWS\System32\sechost.dll
0x00007ffac7340000 - 0x00007ffac745f000 	C:\WINDOWS\System32\RPCRT4.dll
0x00007ffac9120000 - 0x00007ffac92af000 	C:\WINDOWS\System32\USER32.dll
0x00007ffac6bf0000 - 0x00007ffac6c10000 	C:\WINDOWS\System32\win32u.dll
0x00007ffac74d0000 - 0x00007ffac74f8000 	C:\WINDOWS\System32\GDI32.dll
0x00007ffac6de0000 - 0x00007ffac6f73000 	C:\WINDOWS\System32\gdi32full.dll
0x00007ffac72a0000 - 0x00007ffac733b000 	C:\WINDOWS\System32\msvcp_win.dll
0x00007ffac62f0000 - 0x00007ffac63e6000 	C:\WINDOWS\System32\ucrtbase.dll
0x00007ffab9660000 - 0x00007ffab98c9000 	C:\WINDOWS\WinSxS\amd64_microsoft.windows.common-controls_6595b64144ccf1df_6.0.16299.402_none_15c8d4a49364b6d7\COMCTL32.dll
0x00007ffac9ad0000 - 0x00007ffac9dd8000 	C:\WINDOWS\System32\combase.dll
0x00007ffac6270000 - 0x00007ffac62e2000 	C:\WINDOWS\System32\bcryptPrimitives.dll
0x00007ffac8ed0000 - 0x00007ffac8efd000 	C:\WINDOWS\System32\IMM32.DLL
0x00000000691d0000 - 0x00000000692a2000 	C:\Program Files\Java\jdk1.8.0_121\jre\bin\msvcr100.dll
0x0000000068650000 - 0x0000000068eeb000 	C:\Program Files\Java\jdk1.8.0_121\jre\bin\server\jvm.dll
0x00007ffac8ec0000 - 0x00007ffac8ec8000 	C:\WINDOWS\System32\PSAPI.DLL
0x00007ffab6870000 - 0x00007ffab6893000 	C:\WINDOWS\SYSTEM32\WINMM.dll
0x00007ffabbc20000 - 0x00007ffabbc2a000 	C:\WINDOWS\SYSTEM32\VERSION.dll
0x00007ffac50a0000 - 0x00007ffac50a9000 	C:\WINDOWS\SYSTEM32\WSOCK32.dll
0x00007ffac99c0000 - 0x00007ffac9a2c000 	C:\WINDOWS\System32\WS2_32.dll
0x00007ffab66d0000 - 0x00007ffab66fa000 	C:\WINDOWS\SYSTEM32\WINMMBASE.dll
0x00007ffac6ba0000 - 0x00007ffac6bea000 	C:\WINDOWS\System32\cfgmgr32.dll
0x00000000699a0000 - 0x00000000699af000 	C:\Program Files\Java\jdk1.8.0_121\jre\bin\verify.dll
0x0000000069970000 - 0x0000000069999000 	C:\Program Files\Java\jdk1.8.0_121\jre\bin\java.dll
0x0000000069950000 - 0x0000000069966000 	C:\Program Files\Java\jdk1.8.0_121\jre\bin\zip.dll
0x00007ffac78d0000 - 0x00007ffac8d08000 	C:\WINDOWS\System32\SHELL32.dll
0x00007ffac7670000 - 0x00007ffac7716000 	C:\WINDOWS\System32\shcore.dll
0x00007ffac6450000 - 0x00007ffac6b97000 	C:\WINDOWS\System32\windows.storage.dll
0x00007ffac90c0000 - 0x00007ffac9111000 	C:\WINDOWS\System32\shlwapi.dll
0x00007ffac6250000 - 0x00007ffac6261000 	C:\WINDOWS\System32\kernel.appcore.dll
0x00007ffac6200000 - 0x00007ffac624c000 	C:\WINDOWS\System32\powrprof.dll
0x00007ffac61c0000 - 0x00007ffac61db000 	C:\WINDOWS\System32\profapi.dll
0x0000000069930000 - 0x000000006994a000 	C:\Program Files\Java\jdk1.8.0_121\jre\bin\net.dll
0x00007ffac5a50000 - 0x00007ffac5ab6000 	C:\WINDOWS\system32\mswsock.dll
0x00000000691b0000 - 0x00000000691c1000 	C:\Program Files\Java\jdk1.8.0_121\jre\bin\nio.dll
0x00007ffabf790000 - 0x00007ffabf7a2000 	C:\Users\livsp\.gradle\native\19\windows-amd64\native-platform.dll
0x0000000180000000 - 0x0000000180037000 	C:\Users\livsp\.gradle\native\jna\win32-amd64\jnidispatch.dll
0x00007ffac5c20000 - 0x00007ffac5c37000 	C:\WINDOWS\SYSTEM32\CRYPTSP.dll
0x00007ffac55f0000 - 0x00007ffac5623000 	C:\WINDOWS\system32\rsaenh.dll
0x00007ffac5d20000 - 0x00007ffac5d45000 	C:\WINDOWS\SYSTEM32\bcrypt.dll
0x00007ffac60f0000 - 0x00007ffac6119000 	C:\WINDOWS\SYSTEM32\USERENV.dll
0x00007ffac5c10000 - 0x00007ffac5c1b000 	C:\WINDOWS\SYSTEM32\CRYPTBASE.dll
0x00007ffac57e0000 - 0x00007ffac5819000 	C:\WINDOWS\SYSTEM32\IPHLPAPI.DLL
0x00007ffac78c0000 - 0x00007ffac78c8000 	C:\WINDOWS\System32\NSI.dll
0x00007ffac08c0000 - 0x00007ffac08d6000 	C:\WINDOWS\SYSTEM32\dhcpcsvc6.DLL
0x00007ffac08a0000 - 0x00007ffac08ba000 	C:\WINDOWS\SYSTEM32\dhcpcsvc.DLL
0x0000000069920000 - 0x000000006992d000 	C:\Program Files\Java\jdk1.8.0_121\jre\bin\management.dll

VM Arguments:
jvm_args: -Dorg.gradle.appname=gradlew 
java_command: org.gradle.wrapper.GradleWrapperMain installDebug
java_class_path (initial): C:\Users\livsp\Desktop\App\Milky\android\\gradle\wrapper\gradle-wrapper.jar
Launcher Type: SUN_STANDARD

Environment Variables:
JAVA_HOME=C:\Program Files\Java\jdk1.8.0_121
CLASSPATH=C:\Users\livsp\Desktop\App\Milky\android\\gradle\wrapper\gradle-wrapper.jar
PATH=C:\ProgramData\Oracle\Java\javapath;C:\WINDOWS\system32;C:\WINDOWS;C:\WINDOWS\System32\Wbem;C:\WINDOWS\System32\WindowsPowerShell\v1.0\;C:\Program Files (x86)\Windows Kits\10\Windows Performance Toolkit\;C:\Program Files\Java\jdk1.8.0_121\bin;C:\WINDOWS\system32\config\systemprofile\.dnx\bin;C:\Program Files\Microsoft DNX\Dnvm\;C:\Program Files\Microsoft SQL Server\130\Tools\Binn\;C:\Program Files\Git\cmd;C:\Program Files\MySQL\MySQL Utilities 1.6\;C:\Program Files\nodejs\;C:\Program Files\Java\jre1.8.0_151;C:\Program Files\Java\jdk1.8.0_121\lib;C:\Users\livsp\AppData\Local\Android\Sdk\tools;C:\Users\livsp\AppData\Local\Android\Sdk\platform-tools;C:\Users\livsp\AppData\Local\Microsoft\WindowsApps;C:\Users\livsp\AppData\Roaming\Dashlane\4.6.6.23032\bin\Firefox_Extension\{442718d9-475e-452a-b3e1-fb1ee16b8e9f}\components;C:\Users\livsp\AppData\Roaming\Dashlane\4.7.2.29375\bin\Firefox_Extension\{442718d9-475e-452a-b3e1-fb1ee16b8e9f}\components;C:\Users\livsp\AppData\Roaming\Dashlane\4.7.2.29375\ucrt;C:\Users\livsp\AppData\Roaming\npm;C:\Users\livsp\AppData\Local\atom\bin;C:\Users\livsp\AppData\Local\Microsoft\WindowsApps;C:\Program Files\Microsoft VS Code\bin
USERNAME=livsp
OS=Windows_NT
PROCESSOR_IDENTIFIER=Intel64 Family 6 Model 61 Stepping 4, GenuineIntel



---------------  S Y S T E M  ---------------

OS: Windows 10.0 , 64 bit Build 16299 (10.0.16299.15)

CPU:total 4 (2 cores per cpu, 2 threads per core) family 6 model 61 stepping 4, cmov, cx8, fxsr, mmx, sse, sse2, sse3, ssse3, sse4.1, sse4.2, popcnt, avx, avx2, aes, clmul, erms, 3dnowpref, lzcnt, ht, tsc, tscinvbit, bmi1, bmi2, adx

Memory: 4k page, physical 4091272k(699692k free), swap 6188424k(192k free)

vm_info: Java HotSpot(TM) 64-Bit Server VM (25.121-b13) for windows-amd64 JRE (1.8.0_121-b13), built on Dec 12 2016 18:21:36 by "java_re" with MS VC++ 10.0 (VS2010)

time: Sat May 05 14:02:30 2018
elapsed time: 9 seconds (0d 0h 0m 9s)

