#
# There is insufficient memory for the Java Runtime Environment to continue.
# Native memory allocation (malloc) failed to allocate 1013296 bytes for Chunk::new
# Possible reasons:
#   The system is out of physical RAM or swap space
#   In 32 bit mode, the process size limit was hit
# Possible solutions:
#   Reduce memory load on the system
#   Increase physical memory or swap space
#   Check if swap backing store is full
#   Use 64 bit Java on a 64 bit OS
#   Decrease Java heap size (-Xmx/-Xms)
#   Decrease number of Java threads
#   Decrease Java thread stack sizes (-Xss)
#   Set larger code cache with -XX:ReservedCodeCacheSize=
# This output file may be truncated or incomplete.
#
#  Out of Memory Error (allocation.cpp:390), pid=10280, tid=0x00000000000024dc
#
# JRE version: Java(TM) SE Runtime Environment (8.0_121-b13) (build 1.8.0_121-b13)
# Java VM: Java HotSpot(TM) 64-Bit Server VM (25.121-b13 mixed mode windows-amd64 compressed oops)
# Failed to write core dump. Minidumps are not enabled by default on client versions of Windows
#

---------------  T H R E A D  ---------------

Current thread (0x0000000017903000):  JavaThread "C2 CompilerThread1" daemon [_thread_in_native, id=9436, stack(0x0000000019160000,0x0000000019260000)]

Stack: [0x0000000019160000,0x0000000019260000]
[error occurred during error reporting (printing stack bounds), id 0xc0000005]

Native frames: (J=compiled Java code, j=interpreted, Vv=VM code, C=native code)


Current CompileTask:
C2:  64473 9987       4       com.sun.tools.javac.code.Symbol$MethodSymbol::implementation (57 bytes)


---------------  P R O C E S S  ---------------

Java Threads: ( => current thread )
  0x000000001fcfe000 JavaThread "pool-3-thread-4" [_thread_blocked, id=7692, stack(0x00000000233b0000,0x00000000234b0000)]
  0x000000001fcff000 JavaThread "pool-3-thread-3" [_thread_blocked, id=11080, stack(0x00000000232b0000,0x00000000233b0000)]
  0x000000001fd02800 JavaThread "pool-3-thread-2" [_thread_blocked, id=10424, stack(0x00000000231b0000,0x00000000232b0000)]
  0x000000001fd00800 JavaThread "pool-3-thread-1" [_thread_blocked, id=1584, stack(0x00000000230b0000,0x00000000231b0000)]
  0x000000001d042000 JavaThread "File lock request listener" [_thread_in_native, id=8324, stack(0x0000000020730000,0x0000000020830000)]
  0x000000001ae0a800 JavaThread "pool-1-thread-1" [_thread_blocked, id=7644, stack(0x000000001a230000,0x000000001a330000)]
  0x0000000019388800 JavaThread "Service Thread" daemon [_thread_blocked, id=3440, stack(0x0000000019760000,0x0000000019860000)]
  0x0000000017909800 JavaThread "C1 CompilerThread2" daemon [_thread_in_native, id=1340, stack(0x0000000019260000,0x0000000019360000)]
=>0x0000000017903000 JavaThread "C2 CompilerThread1" daemon [_thread_in_native, id=9436, stack(0x0000000019160000,0x0000000019260000)]
  0x0000000017900000 JavaThread "C2 CompilerThread0" daemon [_thread_in_native, id=9668, stack(0x0000000019060000,0x0000000019160000)]
  0x00000000178fe800 JavaThread "Attach Listener" daemon [_thread_blocked, id=10836, stack(0x0000000018f60000,0x0000000019060000)]
  0x00000000178fd800 JavaThread "Signal Dispatcher" daemon [_thread_blocked, id=2752, stack(0x0000000018e60000,0x0000000018f60000)]
  0x00000000178ea800 JavaThread "Finalizer" daemon [_thread_blocked, id=7108, stack(0x0000000018b70000,0x0000000018c70000)]
  0x00000000178c8800 JavaThread "Reference Handler" daemon [_thread_blocked, id=10292, stack(0x0000000018a70000,0x0000000018b70000)]
  0x000000000516e000 JavaThread "main" [_thread_in_Java, id=212, stack(0x0000000005030000,0x0000000005130000)]

Other Threads:
  0x00000000178c7000 VMThread [stack: 0x0000000018970000,0x0000000018a70000] [id=3888]
  0x00000000193af000 WatcherThread [stack: 0x0000000019860000,0x0000000019960000] [id=9728]

VM state:not at safepoint (normal execution)

VM Mutex/Monitor currently owned by a thread:  ([mutex/lock_event])
[0x000000000516bfe0] CodeCache_lock - owner thread: 0x0000000017909800
[0x00000000052108d0] Compile_lock - owner thread: 0x0000000017909800

Heap:
 PSYoungGen      total 295424K, used 45149K [0x00000000eb300000, 0x00000000fed80000, 0x0000000100000000)
  eden space 283136K, 15% used [0x00000000eb300000,0x00000000edf17748,0x00000000fc780000)
  from space 12288K, 0% used [0x00000000fe180000,0x00000000fe180000,0x00000000fed80000)
  to   space 19456K, 0% used [0x00000000fc780000,0x00000000fc780000,0x00000000fda80000)
 ParOldGen       total 88576K, used 43108K [0x00000000c1800000, 0x00000000c6e80000, 0x00000000eb300000)
  object space 88576K, 48% used [0x00000000c1800000,0x00000000c4219008,0x00000000c6e80000)
 Metaspace       used 59546K, capacity 61162K, committed 61400K, reserved 1101824K
  class space    used 7924K, capacity 8355K, committed 8448K, reserved 1048576K

Card table byte_map: [0x00000000146d0000,0x00000000148d0000] byte_map_base: 0x00000000140c4000

Marking Bits: (ParMarkBitMap*) 0x000000005224b6d0
 Begin Bits: [0x0000000014e20000, 0x0000000015dc0000)
 End Bits:   [0x0000000015dc0000, 0x0000000016d60000)

Polling page: 0x0000000003870000

CodeCache: size=245760Kb used=29770Kb max_used=29770Kb free=215989Kb
 bounds [0x0000000005310000, 0x0000000007050000, 0x0000000014310000]
 total_blobs=9344 nmethods=8609 adapters=644
 compilation: enabled

Compilation events (10 events):
Event: 64.361 Thread 0x0000000017909800 10038       3       com.sun.tools.javac.jvm.ClassWriter$StackMapTableFrame::isSameType (128 bytes)
Event: 64.363 Thread 0x0000000017909800 nmethod 10038 0x0000000006ffd690 code [0x0000000006ffd9a0, 0x0000000006fff748]
Event: 64.363 Thread 0x0000000017909800 10040       3       com.sun.tools.javac.jvm.Pool$Variable::equals (73 bytes)
Event: 64.364 Thread 0x0000000017909800 nmethod 10040 0x0000000006fffed0 code [0x00000000070000c0, 0x0000000007000da8]
Event: 64.364 Thread 0x0000000017909800 10042       3       com.sun.tools.javac.code.Types$SignatureGenerator::hasTypeVar (35 bytes)
Event: 64.365 Thread 0x0000000017909800 nmethod 10042 0x0000000007005710 code [0x00000000070058c0, 0x0000000007005f48]
Event: 64.365 Thread 0x0000000017909800 10041       3       com.sun.tools.javac.jvm.Code::put1 (9 bytes)
Event: 64.365 Thread 0x0000000017909800 nmethod 10041 0x0000000007006110 code [0x0000000007006260, 0x00000000070063d0]
Event: 64.365 Thread 0x0000000017909800 10039       3       com.sun.tools.javac.jvm.Items$ImmediateItem::load (344 bytes)
Event: 64.366 Thread 0x0000000017909800 nmethod 10039 0x00000000070064d0 code [0x0000000007006840, 0x0000000007007cb8]

GC Heap History (10 events):
Event: 16.122 GC heap before
{Heap before GC invocations=13 (full 2):
 PSYoungGen      total 173056K, used 161792K [0x00000000eb300000, 0x00000000f7b00000, 0x0000000100000000)
  eden space 161792K, 100% used [0x00000000eb300000,0x00000000f5100000,0x00000000f5100000)
  from space 11264K, 0% used [0x00000000f5d00000,0x00000000f5d00000,0x00000000f6800000)
  to   space 12288K, 0% used [0x00000000f5100000,0x00000000f5100000,0x00000000f5d00000)
 ParOldGen       total 50176K, used 18351K [0x00000000c1800000, 0x00000000c4900000, 0x00000000eb300000)
  object space 50176K, 36% used [0x00000000c1800000,0x00000000c29ebe68,0x00000000c4900000)
 Metaspace       used 43431K, capacity 44386K, committed 44544K, reserved 1087488K
  class space    used 5894K, capacity 6137K, committed 6144K, reserved 1048576K
Event: 16.140 GC heap after
Heap after GC invocations=13 (full 2):
 PSYoungGen      total 174080K, used 11908K [0x00000000eb300000, 0x00000000fa980000, 0x0000000100000000)
  eden space 161792K, 0% used [0x00000000eb300000,0x00000000eb300000,0x00000000f5100000)
  from space 12288K, 96% used [0x00000000f5100000,0x00000000f5ca13c8,0x00000000f5d00000)
  to   space 13824K, 0% used [0x00000000f9c00000,0x00000000f9c00000,0x00000000fa980000)
 ParOldGen       total 50176K, used 18423K [0x00000000c1800000, 0x00000000c4900000, 0x00000000eb300000)
  object space 50176K, 36% used [0x00000000c1800000,0x00000000c29fde78,0x00000000c4900000)
 Metaspace       used 43431K, capacity 44386K, committed 44544K, reserved 1087488K
  class space    used 5894K, capacity 6137K, committed 6144K, reserved 1048576K
}
Event: 18.993 GC heap before
{Heap before GC invocations=14 (full 2):
 PSYoungGen      total 174080K, used 173700K [0x00000000eb300000, 0x00000000fa980000, 0x0000000100000000)
  eden space 161792K, 100% used [0x00000000eb300000,0x00000000f5100000,0x00000000f5100000)
  from space 12288K, 96% used [0x00000000f5100000,0x00000000f5ca13c8,0x00000000f5d00000)
  to   space 13824K, 0% used [0x00000000f9c00000,0x00000000f9c00000,0x00000000fa980000)
 ParOldGen       total 50176K, used 18423K [0x00000000c1800000, 0x00000000c4900000, 0x00000000eb300000)
  object space 50176K, 36% used [0x00000000c1800000,0x00000000c29fde78,0x00000000c4900000)
 Metaspace       used 49100K, capacity 50496K, committed 50560K, reserved 1093632K
  class space    used 6697K, capacity 7004K, committed 7040K, reserved 1048576K
Event: 19.018 GC heap after
Heap after GC invocations=14 (full 2):
 PSYoungGen      total 233984K, used 13810K [0x00000000eb300000, 0x00000000fae00000, 0x0000000100000000)
  eden space 220160K, 0% used [0x00000000eb300000,0x00000000eb300000,0x00000000f8a00000)
  from space 13824K, 99% used [0x00000000f9c00000,0x00000000fa97cb70,0x00000000fa980000)
  to   space 18432K, 0% used [0x00000000f8a00000,0x00000000f8a00000,0x00000000f9c00000)
 ParOldGen       total 50176K, used 25387K [0x00000000c1800000, 0x00000000c4900000, 0x00000000eb300000)
  object space 50176K, 50% used [0x00000000c1800000,0x00000000c30cadf8,0x00000000c4900000)
 Metaspace       used 49100K, capacity 50496K, committed 50560K, reserved 1093632K
  class space    used 6697K, capacity 7004K, committed 7040K, reserved 1048576K
}
Event: 53.114 GC heap before
{Heap before GC invocations=15 (full 2):
 PSYoungGen      total 233984K, used 233970K [0x00000000eb300000, 0x00000000fae00000, 0x0000000100000000)
  eden space 220160K, 100% used [0x00000000eb300000,0x00000000f8a00000,0x00000000f8a00000)
  from space 13824K, 99% used [0x00000000f9c00000,0x00000000fa97cb70,0x00000000fa980000)
  to   space 18432K, 0% used [0x00000000f8a00000,0x00000000f8a00000,0x00000000f9c00000)
 ParOldGen       total 50176K, used 25387K [0x00000000c1800000, 0x00000000c4900000, 0x00000000eb300000)
  object space 50176K, 50% used [0x00000000c1800000,0x00000000c30cadf8,0x00000000c4900000)
 Metaspace       used 56637K, capacity 58224K, committed 58368K, reserved 1099776K
  class space    used 7688K, capacity 8100K, committed 8192K, reserved 1048576K
Event: 53.194 GC heap after
Heap after GC invocations=15 (full 2):
 PSYoungGen      total 238592K, used 12660K [0x00000000eb300000, 0x00000000ff400000, 0x0000000100000000)
  eden space 220160K, 0% used [0x00000000eb300000,0x00000000eb300000,0x00000000f8a00000)
  from space 18432K, 68% used [0x00000000f8a00000,0x00000000f965d308,0x00000000f9c00000)
  to   space 18944K, 0% used [0x00000000fe180000,0x00000000fe180000,0x00000000ff400000)
 ParOldGen       total 50176K, used 37059K [0x00000000c1800000, 0x00000000c4900000, 0x00000000eb300000)
  object space 50176K, 73% used [0x00000000c1800000,0x00000000c3c30f78,0x00000000c4900000)
 Metaspace       used 56637K, capacity 58224K, committed 58368K, reserved 1099776K
  class space    used 7688K, capacity 8100K, committed 8192K, reserved 1048576K
}
Event: 59.806 GC heap before
{Heap before GC invocations=16 (full 2):
 PSYoungGen      total 238592K, used 18420K [0x00000000eb300000, 0x00000000ff400000, 0x0000000100000000)
  eden space 220160K, 2% used [0x00000000eb300000,0x00000000eb89fe70,0x00000000f8a00000)
  from space 18432K, 68% used [0x00000000f8a00000,0x00000000f965d308,0x00000000f9c00000)
  to   space 18944K, 0% used [0x00000000fe180000,0x00000000fe180000,0x00000000ff400000)
 ParOldGen       total 50176K, used 37059K [0x00000000c1800000, 0x00000000c4900000, 0x00000000eb300000)
  object space 50176K, 73% used [0x00000000c1800000,0x00000000c3c30f78,0x00000000c4900000)
 Metaspace       used 57371K, capacity 58992K, committed 59096K, reserved 1099776K
  class space    used 7769K, capacity 8164K, committed 8192K, reserved 1048576K
Event: 59.837 GC heap after
Heap after GC invocations=16 (full 2):
 PSYoungGen      total 295424K, used 727K [0x00000000eb300000, 0x00000000fed80000, 0x0000000100000000)
  eden space 283136K, 0% used [0x00000000eb300000,0x00000000eb300000,0x00000000fc780000)
  from space 12288K, 5% used [0x00000000fe180000,0x00000000fe235e20,0x00000000fed80000)
  to   space 19456K, 0% used [0x00000000fc780000,0x00000000fc780000,0x00000000fda80000)
 ParOldGen       total 50176K, used 44426K [0x00000000c1800000, 0x00000000c4900000, 0x00000000eb300000)
  object space 50176K, 88% used [0x00000000c1800000,0x00000000c4362898,0x00000000c4900000)
 Metaspace       used 57371K, capacity 58992K, committed 59096K, reserved 1099776K
  class space    used 7769K, capacity 8164K, committed 8192K, reserved 1048576K
}
Event: 59.837 GC heap before
{Heap before GC invocations=17 (full 3):
 PSYoungGen      total 295424K, used 727K [0x00000000eb300000, 0x00000000fed80000, 0x0000000100000000)
  eden space 283136K, 0% used [0x00000000eb300000,0x00000000eb300000,0x00000000fc780000)
  from space 12288K, 5% used [0x00000000fe180000,0x00000000fe235e20,0x00000000fed80000)
  to   space 19456K, 0% used [0x00000000fc780000,0x00000000fc780000,0x00000000fda80000)
 ParOldGen       total 50176K, used 44426K [0x00000000c1800000, 0x00000000c4900000, 0x00000000eb300000)
  object space 50176K, 88% used [0x00000000c1800000,0x00000000c4362898,0x00000000c4900000)
 Metaspace       used 57371K, capacity 58992K, committed 59096K, reserved 1099776K
  class space    used 7769K, capacity 8164K, committed 8192K, reserved 1048576K
Event: 60.558 GC heap after
Heap after GC invocations=17 (full 3):
 PSYoungGen      total 295424K, used 0K [0x00000000eb300000, 0x00000000fed80000, 0x0000000100000000)
  eden space 283136K, 0% used [0x00000000eb300000,0x00000000eb300000,0x00000000fc780000)
  from space 12288K, 0% used [0x00000000fe180000,0x00000000fe180000,0x00000000fed80000)
  to   space 19456K, 0% used [0x00000000fc780000,0x00000000fc780000,0x00000000fda80000)
 ParOldGen       total 88576K, used 43108K [0x00000000c1800000, 0x00000000c6e80000, 0x00000000eb300000)
  object space 88576K, 48% used [0x00000000c1800000,0x00000000c4219008,0x00000000c6e80000)
 Metaspace       used 57369K, capacity 58986K, committed 59096K, reserved 1099776K
  class space    used 7768K, capacity 8163K, committed 8192K, reserved 1048576K
}

Deoptimization events (10 events):
Event: 63.609 Thread 0x000000000516e000 Uncommon trap: reason=class_check action=maybe_recompile pc=0x0000000006e981d4 method=com.sun.tools.javac.code.Types$14.visitClassType(Lcom/sun/tools/javac/code/Type$ClassType;Lcom/sun/tools/javac/code/Symbol;)Lcom/sun/tools/javac/code/Type; @ 82
Event: 64.044 Thread 0x000000000516e000 Uncommon trap: reason=unstable_if action=reinterpret pc=0x0000000006d8a918 method=com.sun.tools.javac.util.ListBuffer.append(Ljava/lang/Object;)Lcom/sun/tools/javac/util/ListBuffer; @ 9
Event: 64.162 Thread 0x000000000516e000 Uncommon trap: reason=unstable_if action=reinterpret pc=0x0000000006efbc5c method=com.sun.tools.javac.code.Types.capture(Lcom/sun/tools/javac/code/Type;)Lcom/sun/tools/javac/code/Type; @ 175
Event: 64.164 Thread 0x000000000516e000 Uncommon trap: reason=class_check action=maybe_recompile pc=0x0000000005740610 method=com.sun.tools.javac.code.Types.rank(Lcom/sun/tools/javac/code/Type;)I @ 131
Event: 64.264 Thread 0x000000000516e000 Uncommon trap: reason=unstable_if action=reinterpret pc=0x0000000006f73fe8 method=com.sun.tools.javac.code.Types$15.visitClassType(Lcom/sun/tools/javac/code/Type$ClassType;Ljava/lang/Boolean;)Lcom/sun/tools/javac/code/Type; @ 16
Event: 64.264 Thread 0x000000000516e000 Uncommon trap: reason=unstable_if action=reinterpret pc=0x00000000060bd354 method=com.sun.tools.javac.code.Types$15.visitType(Lcom/sun/tools/javac/code/Type;Ljava/lang/Boolean;)Lcom/sun/tools/javac/code/Type; @ 14
Event: 64.265 Thread 0x000000000516e000 Uncommon trap: reason=bimorphic action=maybe_recompile pc=0x000000000558f510 method=com.sun.tools.javac.code.Types$19.visitClassType(Lcom/sun/tools/javac/code/Type$ClassType;Ljava/lang/Void;)Lcom/sun/tools/javac/util/List; @ 46
Event: 64.265 Thread 0x000000000516e000 Uncommon trap: reason=unstable_if action=reinterpret pc=0x0000000006f76f68 method=com.sun.tools.javac.code.Types$15.visitClassType(Lcom/sun/tools/javac/code/Type$ClassType;Ljava/lang/Boolean;)Lcom/sun/tools/javac/code/Type; @ 16
Event: 64.273 Thread 0x000000000516e000 Uncommon trap: reason=class_check action=maybe_recompile pc=0x0000000006e96400 method=com.sun.tools.javac.code.Types$SameTypeVisitor.visitType(Lcom/sun/tools/javac/code/Type;Lcom/sun/tools/javac/code/Type;)Ljava/lang/Boolean; @ 31
Event: 64.273 Thread 0x000000000516e000 Uncommon trap: reason=class_check action=maybe_recompile pc=0x0000000006e96400 method=com.sun.tools.javac.code.Types$SameTypeVisitor.visitType(Lcom/sun/tools/javac/code/Type;Lcom/sun/tools/javac/code/Type;)Ljava/lang/Boolean; @ 31

Internal exceptions (10 events):
Event: 19.720 Thread 0x000000000516e000 Exception <a 'java/lang/ClassNotFoundException': org/apache/tools/ant/taskdefs/condition/OsCustomizer> (0x00000000ed9a7b30) thrown at [C:\re\workspace\8-2-build-windows-amd64-cygwin\jdk8u121\8372\hotspot\src\share\vm\classfile\systemDictionary.cpp, line 2
Event: 20.137 Thread 0x000000000516e000 Exception <a 'java/lang/ClassNotFoundException': com/android/build/gradle/internal/LibraryCache$1BeanInfo> (0x00000000ee517858) thrown at [C:\re\workspace\8-2-build-windows-amd64-cygwin\jdk8u121\8372\hotspot\src\share\vm\classfile\systemDictionary.cpp, li
Event: 20.138 Thread 0x000000000516e000 Exception <a 'java/lang/ClassNotFoundException': com/android/build/gradle/internal/LibraryCache$1Customizer> (0x00000000ee528b10) thrown at [C:\re\workspace\8-2-build-windows-amd64-cygwin\jdk8u121\8372\hotspot\src\share\vm\classfile\systemDictionary.cpp, 
Event: 28.055 Thread 0x000000000516e000 Implicit null exception at 0x0000000006a48d78 to 0x0000000006a49831
Event: 28.055 Thread 0x000000000516e000 Implicit null exception at 0x0000000005c635cc to 0x0000000005c6363d
Event: 39.990 Thread 0x000000000516e000 Implicit null exception at 0x0000000005ed376a to 0x0000000005ed39d9
Event: 41.800 Thread 0x000000000516e000 Implicit null exception at 0x000000000573f8bb to 0x00000000057408e1
Event: 41.881 Thread 0x000000000516e000 Implicit null exception at 0x000000000564a861 to 0x000000000564a9d5
Event: 43.614 Thread 0x000000000516e000 Implicit null exception at 0x0000000005edcf10 to 0x0000000005edb545
Event: 43.623 Thread 0x000000000516e000 Implicit null exception at 0x0000000005edcf10 to 0x0000000005edb545

Events (10 events):
Event: 64.265 Thread 0x000000000516e000 DEOPT UNPACKING pc=0x000000000535582a sp=0x0000000005129b58 mode 2
Event: 64.265 Thread 0x000000000516e000 Uncommon trap: trap_request=0xffffff65 fr.pc=0x0000000006f76f68
Event: 64.265 Thread 0x000000000516e000 DEOPT PACKING pc=0x0000000006f76f68 sp=0x0000000005129980
Event: 64.265 Thread 0x000000000516e000 DEOPT UNPACKING pc=0x000000000535582a sp=0x0000000005129950 mode 2
Event: 64.273 Thread 0x000000000516e000 Uncommon trap: trap_request=0xffffffde fr.pc=0x0000000006e96400
Event: 64.273 Thread 0x000000000516e000 DEOPT PACKING pc=0x0000000006e96400 sp=0x000000000512a9f0
Event: 64.273 Thread 0x000000000516e000 DEOPT UNPACKING pc=0x000000000535582a sp=0x000000000512a920 mode 2
Event: 64.273 Thread 0x000000000516e000 Uncommon trap: trap_request=0xffffffde fr.pc=0x0000000006e96400
Event: 64.273 Thread 0x000000000516e000 DEOPT PACKING pc=0x0000000006e96400 sp=0x000000000512a9f0
Event: 64.273 Thread 0x000000000516e000 DEOPT UNPACKING pc=0x000000000535582a sp=0x000000000512a920 mode 2


Dynamic libraries:
0x00007ff6a7a40000 - 0x00007ff6a7a77000 	C:\Program Files\Java\jdk1.8.0_121\bin\java.exe
0x00007ffe0ad40000 - 0x00007ffe0af20000 	C:\WINDOWS\SYSTEM32\ntdll.dll
0x00007ffe09b10000 - 0x00007ffe09bbe000 	C:\WINDOWS\System32\KERNEL32.DLL
0x00007ffe074a0000 - 0x00007ffe07706000 	C:\WINDOWS\System32\KERNELBASE.dll
0x00007ffe0a7e0000 - 0x00007ffe0a881000 	C:\WINDOWS\System32\ADVAPI32.dll
0x00007ffe0a010000 - 0x00007ffe0a0ad000 	C:\WINDOWS\System32\msvcrt.dll
0x00007ffe0acb0000 - 0x00007ffe0ad0b000 	C:\WINDOWS\System32\sechost.dll
0x00007ffe0a3b0000 - 0x00007ffe0a4cf000 	C:\WINDOWS\System32\RPCRT4.dll
0x00007ffe09920000 - 0x00007ffe09aaf000 	C:\WINDOWS\System32\USER32.dll
0x00007ffe07140000 - 0x00007ffe07160000 	C:\WINDOWS\System32\win32u.dll
0x00007ffe0a160000 - 0x00007ffe0a188000 	C:\WINDOWS\System32\GDI32.dll
0x00007ffe07300000 - 0x00007ffe07493000 	C:\WINDOWS\System32\gdi32full.dll
0x00007ffe07260000 - 0x00007ffe072fb000 	C:\WINDOWS\System32\msvcp_win.dll
0x00007ffe07160000 - 0x00007ffe07256000 	C:\WINDOWS\System32\ucrtbase.dll
0x00007ffdfae10000 - 0x00007ffdfb079000 	C:\WINDOWS\WinSxS\amd64_microsoft.windows.common-controls_6595b64144ccf1df_6.0.16299.371_none_15c7d1789365a290\COMCTL32.dll
0x00007ffe0a4d0000 - 0x00007ffe0a7d8000 	C:\WINDOWS\System32\combase.dll
0x00007ffe077c0000 - 0x00007ffe07832000 	C:\WINDOWS\System32\bcryptPrimitives.dll
0x00007ffe08210000 - 0x00007ffe0823d000 	C:\WINDOWS\System32\IMM32.DLL
0x0000000052870000 - 0x0000000052942000 	C:\Program Files\Java\jdk1.8.0_121\jre\bin\msvcr100.dll
0x0000000051a30000 - 0x00000000522cb000 	C:\Program Files\Java\jdk1.8.0_121\jre\bin\server\jvm.dll
0x00007ffe0aca0000 - 0x00007ffe0aca8000 	C:\WINDOWS\System32\PSAPI.DLL
0x00007ffe05fa0000 - 0x00007ffe05fa9000 	C:\WINDOWS\SYSTEM32\WSOCK32.dll
0x00007ffe050b0000 - 0x00007ffe050d3000 	C:\WINDOWS\SYSTEM32\WINMM.dll
0x00007ffe0a340000 - 0x00007ffe0a3ac000 	C:\WINDOWS\System32\WS2_32.dll
0x00007ffe02030000 - 0x00007ffe0203a000 	C:\WINDOWS\SYSTEM32\VERSION.dll
0x00007ffe05080000 - 0x00007ffe050aa000 	C:\WINDOWS\SYSTEM32\WINMMBASE.dll
0x00007ffe07710000 - 0x00007ffe0775a000 	C:\WINDOWS\System32\cfgmgr32.dll
0x0000000052ab0000 - 0x0000000052abf000 	C:\Program Files\Java\jdk1.8.0_121\jre\bin\verify.dll
0x0000000052a80000 - 0x0000000052aa9000 	C:\Program Files\Java\jdk1.8.0_121\jre\bin\java.dll
0x0000000052a60000 - 0x0000000052a76000 	C:\Program Files\Java\jdk1.8.0_121\jre\bin\zip.dll
0x00007ffe084e0000 - 0x00007ffe09916000 	C:\WINDOWS\System32\SHELL32.dll
0x00007ffe08260000 - 0x00007ffe08306000 	C:\WINDOWS\System32\shcore.dll
0x00007ffe07840000 - 0x00007ffe07f87000 	C:\WINDOWS\System32\windows.storage.dll
0x00007ffe0a910000 - 0x00007ffe0a961000 	C:\WINDOWS\System32\shlwapi.dll
0x00007ffe07120000 - 0x00007ffe07131000 	C:\WINDOWS\System32\kernel.appcore.dll
0x00007ffe07090000 - 0x00007ffe070dc000 	C:\WINDOWS\System32\powrprof.dll
0x00007ffe070e0000 - 0x00007ffe070fb000 	C:\WINDOWS\System32\profapi.dll
0x0000000052a40000 - 0x0000000052a5a000 	C:\Program Files\Java\jdk1.8.0_121\jre\bin\net.dll
0x00007ffe06920000 - 0x00007ffe06986000 	C:\WINDOWS\system32\mswsock.dll
0x0000000052a20000 - 0x0000000052a31000 	C:\Program Files\Java\jdk1.8.0_121\jre\bin\nio.dll
0x00007ffdff320000 - 0x00007ffdff332000 	C:\Users\livsp\.gradle\native\19\windows-amd64\native-platform.dll
0x0000000180000000 - 0x0000000180037000 	C:\Users\livsp\.gradle\native\jna\win32-amd64\jnidispatch.dll
0x00007ffe06ae0000 - 0x00007ffe06af7000 	C:\WINDOWS\SYSTEM32\CRYPTSP.dll
0x00007ffe06520000 - 0x00007ffe06553000 	C:\WINDOWS\system32\rsaenh.dll
0x00007ffe06bf0000 - 0x00007ffe06c15000 	C:\WINDOWS\SYSTEM32\bcrypt.dll
0x00007ffe06fc0000 - 0x00007ffe06fe9000 	C:\WINDOWS\SYSTEM32\USERENV.dll
0x00007ffe06b00000 - 0x00007ffe06b0b000 	C:\WINDOWS\SYSTEM32\CRYPTBASE.dll
0x00007ffe066b0000 - 0x00007ffe066e9000 	C:\WINDOWS\SYSTEM32\IPHLPAPI.DLL
0x00007ffe0a150000 - 0x00007ffe0a158000 	C:\WINDOWS\System32\NSI.dll
0x00007ffe00710000 - 0x00007ffe00726000 	C:\WINDOWS\SYSTEM32\dhcpcsvc6.DLL
0x00007ffe006f0000 - 0x00007ffe0070a000 	C:\WINDOWS\SYSTEM32\dhcpcsvc.DLL
0x0000000051a20000 - 0x0000000051a2d000 	C:\Program Files\Java\jdk1.8.0_121\jre\bin\management.dll

VM Arguments:
jvm_args: -Dorg.gradle.appname=gradlew 
java_command: org.gradle.wrapper.GradleWrapperMain installDebug
java_class_path (initial): C:\Users\livsp\Desktop\savvycom\ReactNativeIntern\Source\Milky\android\\gradle\wrapper\gradle-wrapper.jar
Launcher Type: SUN_STANDARD

Environment Variables:
JAVA_HOME=C:\Program Files\Java\jdk1.8.0_121
CLASSPATH=C:\Users\livsp\Desktop\savvycom\ReactNativeIntern\Source\Milky\android\\gradle\wrapper\gradle-wrapper.jar
PATH=C:\ProgramData\Oracle\Java\javapath;C:\WINDOWS\system32;C:\WINDOWS;C:\WINDOWS\System32\Wbem;C:\WINDOWS\System32\WindowsPowerShell\v1.0\;C:\Program Files (x86)\Windows Kits\10\Windows Performance Toolkit\;C:\Program Files\Java\jdk1.8.0_121\bin;C:\WINDOWS\system32\config\systemprofile\.dnx\bin;C:\Program Files\Microsoft DNX\Dnvm\;C:\Program Files\Microsoft SQL Server\130\Tools\Binn\;C:\Program Files\Git\cmd;C:\Program Files\MySQL\MySQL Utilities 1.6\;C:\Program Files\nodejs\;C:\Program Files\Java\jre1.8.0_151;C:\Program Files\Java\jdk1.8.0_121\lib;C:\Users\livsp\AppData\Local\Android\Sdk\tools;C:\Users\livsp\AppData\Local\Android\Sdk\platform-tools;C:\Users\livsp\AppData\Local\Microsoft\WindowsApps;C:\Users\livsp\AppData\Roaming\Dashlane\4.6.6.23032\bin\Firefox_Extension\{442718d9-475e-452a-b3e1-fb1ee16b8e9f}\components;C:\Users\livsp\AppData\Roaming\Dashlane\4.7.2.29375\bin\Firefox_Extension\{442718d9-475e-452a-b3e1-fb1ee16b8e9f}\components;C:\Users\livsp\AppData\Roaming\Dashlane\4.7.2.29375\ucrt;C:\Users\livsp\AppData\Roaming\npm;C:\Users\livsp\AppData\Local\atom\bin;C:\Users\livsp\AppData\Local\Microsoft\WindowsApps;C:\Program Files\Microsoft VS Code\bin
USERNAME=livsp
OS=Windows_NT
PROCESSOR_IDENTIFIER=Intel64 Family 6 Model 61 Stepping 4, GenuineIntel



---------------  S Y S T E M  ---------------

OS: Windows 10.0 , 64 bit Build 16299 (10.0.16299.15)

CPU:total 4 (2 cores per cpu, 2 threads per core) family 6 model 61 stepping 4, cmov, cx8, fxsr, mmx, sse, sse2, sse3, ssse3, sse4.1, sse4.2, popcnt, avx, avx2, aes, clmul, erms, 3dnowpref, lzcnt, ht, tsc, tscinvbit, bmi1, bmi2, adx

Memory: 4k page, physical 4091272k(355516k free), swap 6188424k(5828k free)

vm_info: Java HotSpot(TM) 64-Bit Server VM (25.121-b13) for windows-amd64 JRE (1.8.0_121-b13), built on Dec 12 2016 18:21:36 by "java_re" with MS VC++ 10.0 (VS2010)

time: Wed Apr 18 14:34:10 2018
elapsed time: 64 seconds (0d 0h 1m 4s)

